<?xml version="1.0" encoding="UTF-8"?>
<testsuites name="TS_KM_US" time="20.111" tests="1" failures="0" errors="0">
   <testsuite name="TS_KM_US" tests="1" failures="0" errors="0" time="20.111" skipped="0" timestamp="2021-10-05 15:40:15" hostname="LYJ - LAPTOP-O2P86ERK" id="Test Suites/KM/TS_KM_US">
      <properties>
         <property name="deviceName" value=""/>
         <property name="devicePlatform" value=""/>
         <property name="logFolder" value="C:\\Users\\LYJ\\git\\katalon\\Reports\\20211005_154002\\KM\\TS_KM_US\\20211005_154002"/>
         <property name="logFiles" value="C:\\Users\\LYJ\\git\\katalon\\Reports\\20211005_154002\\KM\\TS_KM_US\\20211005_154002\\execution0.log"/>
         <property name="attachments" value=""/>
         <property name="hostName" value="LYJ - LAPTOP-O2P86ERK"/>
         <property name="os" value="Windows 10 64bit"/>
         <property name="katalonVersion" value="8.1.0.208"/>
         <property name="browser" value="Chrome 94.0.4606.61"/>
         <property name="hostAddress" value="192.168.56.1"/>
         <property name="sessionId" value="a7a754af48086d74ddc84ca7dede4eb7"/>
         <property name="seleniumVersion" value="3.141.59"/>
         <property name="proxyInformation" value="ProxyInformation { proxyOption=NO_PROXY, proxyServerType=HTTP, username=, password=********, proxyServerAddress=, proxyServerPort=0, executionList=&quot;&quot;, isApplyToDesiredCapabilities=true }"/>
         <property name="platform" value="Windows 10"/>
      </properties>
      <testcase name="Test Cases/KM/TC_KM_WEB_01_US_PRD" time="18.72" classname="Test Cases/KM/TC_KM_WEB_01_US_PRD" status="PASSED">
         <system-out><![CDATA[2021-10-05 15:40:16 - [TEST_CASE][PASSED] - Test Cases/KM/TC_KM_WEB_01_US_PRD: Test Cases/KM/TC_KM_WEB_01_US_PRD

2021-10-05 15:40:17 - [TEST_STEP][PASSED] - openBrowser(""): Browser is opened with url: ''

2021-10-05 15:40:18 - [MESSAGE][INFO] - Starting 'Chrome' driver

2021-10-05 15:40:18 - [MESSAGE][INFO] - Action delay is set to 0 milliseconds

2021-10-05 15:40:21 - [MESSAGE][PASSED] - Browser is opened with url: ''

2021-10-05 15:40:21 - [TEST_STEP][PASSED] - maximizeWindow(STOP_ON_FAILURE): Current window maximized

2021-10-05 15:40:22 - [MESSAGE][PASSED] - Current window maximized

2021-10-05 15:40:22 - [TEST_STEP][PASSED] - navigateToUrl("https://km2.myeyelevel.com/"): Navigate to 'https://km2.myeyelevel.com/' successfully

2021-10-05 15:40:24 - [MESSAGE][PASSED] - Navigate to 'https://km2.myeyelevel.com/' successfully

2021-10-05 15:40:24 - [TEST_STEP][PASSED] - setText(findTestObject("Object Repository/KM/OR_KM_WEB_01_US_PRD/Page_KeyManager ver.2/input_Remember ID_id"), "FC00001854"): Text 'FC00001854' is set on object 'Object Repository/KM/OR_KM_WEB_01_US_PRD/Page_KeyManager ver.2/input_Remember ID_id'

2021-10-05 15:40:25 - [MESSAGE][PASSED] - Text 'FC00001854' is set on object 'Object Repository/KM/OR_KM_WEB_01_US_PRD/Page_KeyManager ver.2/input_Remember ID_id'

2021-10-05 15:40:25 - [TEST_STEP][PASSED] - setEncryptedText(findTestObject("Object Repository/KM/OR_KM_WEB_01_US_PRD/Page_KeyManager ver.2/input_Remember ID_password"), "/TCuZW3inmPEvew6k7Utpg=="): Text ****** has been set on object 'Object Repository/KM/OR_KM_WEB_01_US_PRD/Page_KeyManager ver.2/input_Remember ID_password'

2021-10-05 15:40:26 - [MESSAGE][PASSED] - Text ****** has been set on object 'Object Repository/KM/OR_KM_WEB_01_US_PRD/Page_KeyManager ver.2/input_Remember ID_password'

2021-10-05 15:40:26 - [TEST_STEP][PASSED] - click(findTestObject("Object Repository/KM/OR_KM_WEB_01_US_PRD/Page_KeyManager ver.2/button_Log in")): Object: 'Object Repository/KM/OR_KM_WEB_01_US_PRD/Page_KeyManager ver.2/button_Log in' is clicked on

2021-10-05 15:40:27 - [MESSAGE][PASSED] - Object: 'Object Repository/KM/OR_KM_WEB_01_US_PRD/Page_KeyManager ver.2/button_Log in' is clicked on

2021-10-05 15:40:27 - [TEST_STEP][PASSED] - click(findTestObject("Object Repository/KM/OR_KM_WEB_01_US_PRD/Page_KeyManager ver.2/a_Member")): Object: 'Object Repository/KM/OR_KM_WEB_01_US_PRD/Page_KeyManager ver.2/a_Member' is clicked on

2021-10-05 15:40:32 - [MESSAGE][PASSED] - Object: 'Object Repository/KM/OR_KM_WEB_01_US_PRD/Page_KeyManager ver.2/a_Member' is clicked on

2021-10-05 15:40:32 - [TEST_STEP][PASSED] - click(findTestObject("Object Repository/KM/OR_KM_WEB_01_US_PRD/Page_KeyManager ver.2/a_Log out")): Object: 'Object Repository/KM/OR_KM_WEB_01_US_PRD/Page_KeyManager ver.2/a_Log out' is clicked on

2021-10-05 15:40:34 - [MESSAGE][PASSED] - Object: 'Object Repository/KM/OR_KM_WEB_01_US_PRD/Page_KeyManager ver.2/a_Log out' is clicked on

2021-10-05 15:40:34 - [TEST_STEP][PASSED] - closeBrowser(STOP_ON_FAILURE): Browser is closed

2021-10-05 15:40:35 - [MESSAGE][PASSED] - Browser is closed]]></system-out>
         <system-err><![CDATA[]]></system-err>
      </testcase>
      <system-out><![CDATA[2021-10-05 15:40:15 - [TEST_SUITE][PASSED] - TS_KM_US: Test Cases/KM/TC_KM_WEB_01_US_PRD]]></system-out>
      <system-err><![CDATA[]]></system-err>
   </testsuite>
</testsuites>
