<?xml version="1.0" encoding="UTF-8"?>
<testsuites name="TS_IACS" time="24.461" tests="1" failures="0" errors="0">
   <testsuite name="TS_IACS" tests="1" failures="0" errors="0" time="24.461" skipped="0" timestamp="2021-10-05 15:39:21" hostname="LYJ - LAPTOP-O2P86ERK" id="Test Suites/IACS/TS_IACS">
      <properties>
         <property name="deviceName" value=""/>
         <property name="devicePlatform" value=""/>
         <property name="logFolder" value="C:\\Users\\LYJ\\git\\katalon\\Reports\\20211005_153907\\IACS\\TS_IACS\\20211005_153907"/>
         <property name="logFiles" value="C:\\Users\\LYJ\\git\\katalon\\Reports\\20211005_153907\\IACS\\TS_IACS\\20211005_153907\\execution0.log"/>
         <property name="attachments" value=""/>
         <property name="hostName" value="LYJ - LAPTOP-O2P86ERK"/>
         <property name="os" value="Windows 10 64bit"/>
         <property name="katalonVersion" value="8.1.0.208"/>
         <property name="browser" value="Chrome 94.0.4606.61"/>
         <property name="hostAddress" value="192.168.56.1"/>
         <property name="sessionId" value="d2b713144482019394b6dbfac4a83014"/>
         <property name="seleniumVersion" value="3.141.59"/>
         <property name="proxyInformation" value="ProxyInformation { proxyOption=NO_PROXY, proxyServerType=HTTP, username=, password=********, proxyServerAddress=, proxyServerPort=0, executionList=&quot;&quot;, isApplyToDesiredCapabilities=true }"/>
         <property name="platform" value="Windows 10"/>
      </properties>
      <testcase name="Test Cases/IACS/TC_IACS_WEB_01" time="23.059" classname="Test Cases/IACS/TC_IACS_WEB_01" status="PASSED">
         <system-out><![CDATA[2021-10-05 15:39:22 - [TEST_CASE][PASSED] - Test Cases/IACS/TC_IACS_WEB_01: Test Cases/IACS/TC_IACS_WEB_01

2021-10-05 15:39:23 - [TEST_STEP][PASSED] - openBrowser(""): Browser is opened with url: ''

2021-10-05 15:39:23 - [MESSAGE][INFO] - Starting 'Chrome' driver

2021-10-05 15:39:23 - [MESSAGE][INFO] - Action delay is set to 0 milliseconds

2021-10-05 15:39:27 - [MESSAGE][PASSED] - Browser is opened with url: ''

2021-10-05 15:39:27 - [TEST_STEP][PASSED] - maximizeWindow(STOP_ON_FAILURE): Current window maximized

2021-10-05 15:39:27 - [MESSAGE][PASSED] - Current window maximized

2021-10-05 15:39:27 - [TEST_STEP][PASSED] - navigateToUrl("https://iacs.daekyo.co.kr/SSO/DAEKYO/Login_V.aspx"): Navigate to 'https://iacs.daekyo.co.kr/SSO/DAEKYO/Login_V.aspx' successfully

2021-10-05 15:39:28 - [MESSAGE][PASSED] - Navigate to 'https://iacs.daekyo.co.kr/SSO/DAEKYO/Login_V.aspx' successfully

2021-10-05 15:39:28 - [TEST_STEP][PASSED] - setText(findTestObject("Object Repository/IACS/OR_IACS_WEB_01/Page_/input__txtLoginID"), "9999"): Text '9999' is set on object 'Object Repository/IACS/OR_IACS_WEB_01/Page_/input__txtLoginID'

2021-10-05 15:39:29 - [MESSAGE][PASSED] - Text '9999' is set on object 'Object Repository/IACS/OR_IACS_WEB_01/Page_/input__txtLoginID'

2021-10-05 15:39:29 - [TEST_STEP][PASSED] - setEncryptedText(findTestObject("Object Repository/IACS/OR_IACS_WEB_01/Page_/input__txtLoginPwd"), "AZhG8XlQ3CaMX6VfVO6MmA=="): Text ****** has been set on object 'Object Repository/IACS/OR_IACS_WEB_01/Page_/input__txtLoginPwd'

2021-10-05 15:39:30 - [MESSAGE][PASSED] - Text ****** has been set on object 'Object Repository/IACS/OR_IACS_WEB_01/Page_/input__txtLoginPwd'

2021-10-05 15:39:30 - [TEST_STEP][PASSED] - click(findTestObject("Object Repository/IACS/OR_IACS_WEB_01/Page_/a_Login")): Object: 'Object Repository/IACS/OR_IACS_WEB_01/Page_/a_Login' is clicked on

2021-10-05 15:39:30 - [MESSAGE][PASSED] - Object: 'Object Repository/IACS/OR_IACS_WEB_01/Page_/a_Login' is clicked on

2021-10-05 15:39:30 - [TEST_STEP][PASSED] - delay(10): Delayed 10 second(s)

2021-10-05 15:39:40 - [MESSAGE][PASSED] - Delayed 10 second(s)

2021-10-05 15:39:40 - [TEST_STEP][PASSED] - click(findTestObject("Object Repository/IACS/OR_IACS_WEB_01/Page_/a_")): Object: 'Object Repository/IACS/OR_IACS_WEB_01/Page_/a_' is clicked on

2021-10-05 15:39:41 - [MESSAGE][PASSED] - Object: 'Object Repository/IACS/OR_IACS_WEB_01/Page_/a_' is clicked on

2021-10-05 15:39:41 - [TEST_STEP][PASSED] - click(findTestObject("IACS/OR_IACS_WEB_01/Page_/a_ (1)")): Object: 'Object Repository/IACS/OR_IACS_WEB_01/Page_/a_ (1)' is clicked on

2021-10-05 15:39:43 - [MESSAGE][PASSED] - Object: 'Object Repository/IACS/OR_IACS_WEB_01/Page_/a_ (1)' is clicked on

2021-10-05 15:39:43 - [TEST_STEP][PASSED] - click(findTestObject("Object Repository/IACS/OR_IACS_WEB_01/Page_/span_")): Object: 'Object Repository/IACS/OR_IACS_WEB_01/Page_/span_' is clicked on

2021-10-05 15:39:44 - [MESSAGE][PASSED] - Object: 'Object Repository/IACS/OR_IACS_WEB_01/Page_/span_' is clicked on

2021-10-05 15:39:44 - [TEST_STEP][PASSED] - closeBrowser(): Browser is closed

2021-10-05 15:39:45 - [MESSAGE][PASSED] - Browser is closed]]></system-out>
         <system-err><![CDATA[]]></system-err>
      </testcase>
      <system-out><![CDATA[2021-10-05 15:39:21 - [TEST_SUITE][PASSED] - TS_IACS: Test Cases/IACS/TC_IACS_WEB_01]]></system-out>
      <system-err><![CDATA[]]></system-err>
   </testsuite>
</testsuites>
